<?xml version="1.0" encoding="UTF-8"?>
<testsuite name="ru.netology.tests.CreditTest" tests="2" skipped="0" failures="0" errors="0" timestamp="2025-11-11T17:02:41.408Z" hostname="FOLKDIVE" time="26.933">
  <properties/>
  <testcase name="Отклонение кредита с отклоненной картой" classname="ru.netology.tests.CreditTest" time="14.844"/>
  <testcase name="Успешное оформление кредита с одобренной картой" classname="ru.netology.tests.CreditTest" time="12.088"/>
  <system-out><![CDATA[Таблица credit_request_entity очищена
Таблица order_entity очищена
Таблица payment_entity очищена
Таблица credit_request_entity очищена
Таблица order_entity очищена
Таблица payment_entity очищена
]]></system-out>
  <system-err><![CDATA[SLF4J: No SLF4J providers were found.
SLF4J: Defaulting to no-operation (NOP) logger implementation
SLF4J: See https://www.slf4j.org/codes.html#noProviders for further details.
нояб. 11, 2025 10:02:45 PM org.openqa.selenium.devtools.CdpVersionFinder findNearestMatch
WARNING: Unable to find CDP implementation matching 142
нояб. 11, 2025 10:02:45 PM org.openqa.selenium.chromium.ChromiumDriver lambda$new$5
WARNING: Unable to find version of CDP to use for 142.0.7444.60. You may need to include a dependency on a specific version of the CDP using something similar to `org.seleniumhq.selenium:selenium-devtools-v86:4.11.0` where the version ("v86") matches the version of the chromium-based browser you're using and the version number of the artifact is the same as Selenium's.
]]></system-err>
</testsuite>
